<?xml version="1.0" encoding="UTF-8"?>
<!-- Generated by org.testng.reporters.JUnitReportReporter -->
<testsuite hostname="LAPTOP-APPS749K" failures="0" tests="3" name="root.Homepage" time="7.105" errors="0" timestamp="2021-12-23T18:50:01 IST" skipped="0">
  <testcase classname="root.Homepage" name="testcase3" time="1.818"/>
  <system-out/>
  <testcase classname="root.Homepage" name="testcase1" time="3.013"/>
  <system-out/>
  <testcase classname="root.Homepage" name="testcase2" time="2.274"/>
  <system-out/>
</testsuite> <!-- root.Homepage -->
